<?xml version="1.0" encoding="UTF-8" ?>
<testsuite failures="0" time="1.016" errors="1" skipped="0" tests="1" name="com.test.TestMybatis">
  <properties>
    <property name="java.runtime.name" value="Java(TM) SE Runtime Environment"/>
    <property name="sun.boot.library.path" value="D:\Program Files\Java\jdk1.7.0_79\jre\bin"/>
    <property name="java.vm.version" value="24.79-b02"/>
    <property name="java.vm.vendor" value="Oracle Corporation"/>
    <property name="java.vendor.url" value="http://java.oracle.com/"/>
    <property name="path.separator" value=";"/>
    <property name="guice.disable.misplaced.annotation.check" value="true"/>
    <property name="java.vm.name" value="Java HotSpot(TM) 64-Bit Server VM"/>
    <property name="file.encoding.pkg" value="sun.io"/>
    <property name="user.script" value=""/>
    <property name="user.country" value="CN"/>
    <property name="sun.java.launcher" value="SUN_STANDARD"/>
    <property name="sun.os.patch.level" value="Service Pack 1"/>
    <property name="java.vm.specification.name" value="Java Virtual Machine Specification"/>
    <property name="user.dir" value="E:\my\ecWorkSpace2\mssm"/>
    <property name="java.runtime.version" value="1.7.0_79-b15"/>
    <property name="java.awt.graphicsenv" value="sun.awt.Win32GraphicsEnvironment"/>
    <property name="java.endorsed.dirs" value="D:\Program Files\Java\jdk1.7.0_79\jre\lib\endorsed"/>
    <property name="os.arch" value="amd64"/>
    <property name="java.io.tmpdir" value="C:\Users\ADMINI~1\AppData\Local\Temp\"/>
    <property name="line.separator" value="
"/>
    <property name="java.vm.specification.vendor" value="Oracle Corporation"/>
    <property name="user.variant" value=""/>
    <property name="os.name" value="Windows 7"/>
    <property name="classworlds.conf" value="E:\my\ecWorkSpace2\.metadata\.plugins\org.eclipse.m2e.launching\launches\m2conf4315605915387239877.tmp"/>
    <property name="sun.jnu.encoding" value="GBK"/>
    <property name="java.library.path" value="D:\Program Files\Java\jdk1.7.0_79\bin;C:\windows\Sun\Java\bin;C:\windows\system32;C:\windows;C:/Program Files/Java/jre1.8.0_102/bin/server;C:/Program Files/Java/jre1.8.0_102/bin;C:/Program Files/Java/jre1.8.0_102/lib/amd64;C:\ProgramData\Oracle\Java\javapath;F:\oracle\product\10.2.0\client_1\bin;F:\oracle\product\10.2.0\db_1\bin;D:\Program Files\apache-maven-3.2.5\bin;C:\windows\system32;C:\windows;C:\windows\System32\Wbem;C:\windows\System32\WindowsPowerShell\v1.0\;C:\Program Files\Java\jdk1.6.0_45\bin;C:\Program Files\Java\jdk1.6.0_45\jre\bin;E:\Program Files\TortoiseSVN\bin;D:\Program Files\apache-tomcat-7.0.50\lib;D:\Program Files\apache-tomcat-7.0.50\binE%\bin0\?刜L耀`:\ProgramData\Oracle\Java\javapath;F;\oracle\product\10.2.0\client_1\bin;F:\oracle\product\10.2.0\db_1\bin;D:\Program Files\apache-maven-3.2.5\bin;C:\windows\system32;C:\windows;C:\windows\System32\Wbem;C:\windows\System32\WindowsPowerShell\v1.0\;C:\Program Files\Java\jdk1.6.0_45\bin;C:\Program Files\Java\jdk1.6.0_45\jre\bin;E:\Program Files\TortoiseSVN\bin;D:\Program Files\apache-tomcat-7.0.50\lib;D:\Program Files\apache-tomcat-7.0.50\bin;D:\Program Files (x86)\Microsoft SQL Server\100\Tools\Binn\;D:\Program Files\Microsoft SQL Server\100\Tools\Binn\;D:\Program Files\Microsoft SQL Server\100\DTS\Binn\;D:\Program Files\nodejs\;D:\Program Files\Git\cmd;C:\Users\Administrator\AppData\Roaming\npm;D:\myD\eclipse;;."/>
    <property name="java.specification.name" value="Java Platform API Specification"/>
    <property name="java.class.version" value="51.0"/>
    <property name="sun.management.compiler" value="HotSpot 64-Bit Tiered Compilers"/>
    <property name="os.version" value="6.1"/>
    <property name="user.home" value="C:\Users\Administrator"/>
    <property name="user.timezone" value="Asia/Shanghai"/>
    <property name="java.awt.printerjob" value="sun.awt.windows.WPrinterJob"/>
    <property name="java.specification.version" value="1.7"/>
    <property name="file.encoding" value="UTF-8"/>
    <property name="user.name" value="Administrator"/>
    <property name="java.class.path" value="D:\Program Files\apache-maven-3.2.5\boot\plexus-classworlds-2.5.2.jar"/>
    <property name="java.vm.specification.version" value="1.7"/>
    <property name="sun.arch.data.model" value="64"/>
    <property name="java.home" value="D:\Program Files\Java\jdk1.7.0_79\jre"/>
    <property name="sun.java.command" value="org.codehaus.plexus.classworlds.launcher.Launcher -B -s D:\Program Files\apache-maven-3.2.5\conf\settings.xml install"/>
    <property name="java.specification.vendor" value="Oracle Corporation"/>
    <property name="user.language" value="zh"/>
    <property name="awt.toolkit" value="sun.awt.windows.WToolkit"/>
    <property name="java.vm.info" value="mixed mode"/>
    <property name="java.version" value="1.7.0_79"/>
    <property name="java.ext.dirs" value="D:\Program Files\Java\jdk1.7.0_79\jre\lib\ext;C:\windows\Sun\Java\lib\ext"/>
    <property name="sun.boot.class.path" value="D:\Program Files\Java\jdk1.7.0_79\jre\lib\resources.jar;D:\Program Files\Java\jdk1.7.0_79\jre\lib\rt.jar;D:\Program Files\Java\jdk1.7.0_79\jre\lib\sunrsasign.jar;D:\Program Files\Java\jdk1.7.0_79\jre\lib\jsse.jar;D:\Program Files\Java\jdk1.7.0_79\jre\lib\jce.jar;D:\Program Files\Java\jdk1.7.0_79\jre\lib\charsets.jar;D:\Program Files\Java\jdk1.7.0_79\jre\lib\jfr.jar;D:\Program Files\Java\jdk1.7.0_79\jre\classes"/>
    <property name="java.vendor" value="Oracle Corporation"/>
    <property name="maven.home" value="D:\Program Files\apache-maven-3.2.5"/>
    <property name="file.separator" value="\"/>
    <property name="java.vendor.url.bug" value="http://bugreport.sun.com/bugreport/"/>
    <property name="sun.cpu.endian" value="little"/>
    <property name="sun.io.unicode.encoding" value="UnicodeLittle"/>
    <property name="sun.desktop" value="windows"/>
    <property name="sun.cpu.isalist" value="amd64"/>
  </properties>
  <testcase time="1.016" classname="com.test.TestMybatis" name="test">
    <error message="Failed to load ApplicationContext" type="java.lang.IllegalStateException">java.lang.IllegalStateException: Failed to load ApplicationContext
	at org.springframework.test.context.CacheAwareContextLoaderDelegate.loadContext(CacheAwareContextLoaderDelegate.java:99)
	at org.springframework.test.context.DefaultTestContext.getApplicationContext(DefaultTestContext.java:101)
	at org.springframework.test.context.support.DependencyInjectionTestExecutionListener.injectDependencies(DependencyInjectionTestExecutionListener.java:109)
	at org.springframework.test.context.support.DependencyInjectionTestExecutionListener.prepareTestInstance(DependencyInjectionTestExecutionListener.java:75)
	at org.springframework.test.context.TestContextManager.prepareTestInstance(TestContextManager.java:319)
	at org.springframework.test.context.junit4.SpringJUnit4ClassRunner.createTest(SpringJUnit4ClassRunner.java:212)
	at org.springframework.test.context.junit4.SpringJUnit4ClassRunner$1.runReflectiveCall(SpringJUnit4ClassRunner.java:289)
	at org.junit.internal.runners.model.ReflectiveCallable.run(ReflectiveCallable.java:15)
	at org.springframework.test.context.junit4.SpringJUnit4ClassRunner.methodBlock(SpringJUnit4ClassRunner.java:291)
	at org.springframework.test.context.junit4.SpringJUnit4ClassRunner.runChild(SpringJUnit4ClassRunner.java:232)
	at org.springframework.test.context.junit4.SpringJUnit4ClassRunner.runChild(SpringJUnit4ClassRunner.java:89)
	at org.junit.runners.ParentRunner$3.run(ParentRunner.java:193)
	at org.junit.runners.ParentRunner$1.schedule(ParentRunner.java:52)
	at org.junit.runners.ParentRunner.runChildren(ParentRunner.java:191)
	at org.junit.runners.ParentRunner.access$000(ParentRunner.java:42)
	at org.junit.runners.ParentRunner$2.evaluate(ParentRunner.java:184)
	at org.springframework.test.context.junit4.statements.RunBeforeTestClassCallbacks.evaluate(RunBeforeTestClassCallbacks.java:61)
	at org.springframework.test.context.junit4.statements.RunAfterTestClassCallbacks.evaluate(RunAfterTestClassCallbacks.java:71)
	at org.junit.runners.ParentRunner.run(ParentRunner.java:236)
	at org.springframework.test.context.junit4.SpringJUnit4ClassRunner.run(SpringJUnit4ClassRunner.java:175)
	at org.apache.maven.surefire.junit4.JUnit4Provider.execute(JUnit4Provider.java:252)
	at org.apache.maven.surefire.junit4.JUnit4Provider.executeTestSet(JUnit4Provider.java:141)
	at org.apache.maven.surefire.junit4.JUnit4Provider.invoke(JUnit4Provider.java:112)
	at sun.reflect.NativeMethodAccessorImpl.invoke0(Native Method)
	at sun.reflect.NativeMethodAccessorImpl.invoke(NativeMethodAccessorImpl.java:57)
	at sun.reflect.DelegatingMethodAccessorImpl.invoke(DelegatingMethodAccessorImpl.java:43)
	at java.lang.reflect.Method.invoke(Method.java:606)
	at org.apache.maven.surefire.util.ReflectionUtils.invokeMethodWithArray(ReflectionUtils.java:189)
	at org.apache.maven.surefire.booter.ProviderFactory$ProviderProxy.invoke(ProviderFactory.java:165)
	at org.apache.maven.surefire.booter.ProviderFactory.invokeProvider(ProviderFactory.java:85)
	at org.apache.maven.surefire.booter.ForkedBooter.runSuitesInProcess(ForkedBooter.java:115)
	at org.apache.maven.surefire.booter.ForkedBooter.main(ForkedBooter.java:75)
Caused by: org.springframework.beans.factory.BeanCreationException: Error creating bean with name &apos;testCacheController&apos;: Injection of resource dependencies failed; nested exception is org.springframework.beans.factory.BeanCreationException: Error creating bean with name &apos;testCacheService&apos;: Injection of resource dependencies failed; nested exception is org.springframework.beans.factory.NoSuchBeanDefinitionException: No qualifying bean of type [com.mssm.dbTable.dao.UserMapper] found for dependency: expected at least 1 bean which qualifies as autowire candidate for this dependency. Dependency annotations: {@javax.annotation.Resource(shareable=true, mappedName=, description=, name=, type=class java.lang.Object, lookup=, authenticationType=CONTAINER)}
Related cause: org.springframework.beans.factory.BeanCreationException: Error creating bean with name &apos;userMapper&apos; defined in file [E:\my\ecWorkSpace2\mssm\target\classes\com\mssm\dbTable\dao\UserMapper.class]: Cannot resolve reference to bean &apos;sqlSessionFactory&apos; while setting bean property &apos;sqlSessionFactory&apos;; nested exception is org.springframework.beans.factory.BeanCreationException: Error creating bean with name &apos;sqlSessionFactory&apos; defined in class path resource [spring-mybatis.xml]: Initialization of bean failed; nested exception is org.springframework.beans.TypeMismatchException: Failed to convert property value of type &apos;java.lang.String&apos; to required type &apos;org.springframework.core.io.Resource[]&apos; for property &apos;mapperLocations&apos;; nested exception is java.lang.IllegalArgumentException: Could not resolve resource location pattern [classpath:com/mssm/dbTable/mapping/*.xml]: class path resource [com/mssm/dbTable/mapping/] cannot be resolved to URL because it does not exist
	at org.springframework.context.annotation.CommonAnnotationBeanPostProcessor.postProcessPropertyValues(CommonAnnotationBeanPostProcessor.java:307)
	at org.springframework.beans.factory.support.AbstractAutowireCapableBeanFactory.populateBean(AbstractAutowireCapableBeanFactory.java:1185)
	at org.springframework.beans.factory.support.AbstractAutowireCapableBeanFactory.doCreateBean(AbstractAutowireCapableBeanFactory.java:537)
	at org.springframework.beans.factory.support.AbstractAutowireCapableBeanFactory.createBean(AbstractAutowireCapableBeanFactory.java:475)
	at org.springframework.beans.factory.support.AbstractBeanFactory$1.getObject(AbstractBeanFactory.java:304)
	at org.springframework.beans.factory.support.DefaultSingletonBeanRegistry.getSingleton(DefaultSingletonBeanRegistry.java:228)
	at org.springframework.beans.factory.support.AbstractBeanFactory.doGetBean(AbstractBeanFactory.java:300)
	at org.springframework.beans.factory.support.AbstractBeanFactory.getBean(AbstractBeanFactory.java:195)
	at org.springframework.beans.factory.support.DefaultListableBeanFactory.preInstantiateSingletons(DefaultListableBeanFactory.java:700)
	at org.springframework.context.support.AbstractApplicationContext.finishBeanFactoryInitialization(AbstractApplicationContext.java:760)
	at org.springframework.context.support.AbstractApplicationContext.refresh(AbstractApplicationContext.java:482)
	at org.springframework.test.context.support.AbstractGenericContextLoader.loadContext(AbstractGenericContextLoader.java:121)
	at org.springframework.test.context.support.AbstractGenericContextLoader.loadContext(AbstractGenericContextLoader.java:60)
	at org.springframework.test.context.support.AbstractDelegatingSmartContextLoader.delegateLoading(AbstractDelegatingSmartContextLoader.java:100)
	at org.springframework.test.context.support.AbstractDelegatingSmartContextLoader.loadContext(AbstractDelegatingSmartContextLoader.java:250)
	at org.springframework.test.context.CacheAwareContextLoaderDelegate.loadContextInternal(CacheAwareContextLoaderDelegate.java:64)
	at org.springframework.test.context.CacheAwareContextLoaderDelegate.loadContext(CacheAwareContextLoaderDelegate.java:91)
	... 31 more
Caused by: org.springframework.beans.factory.BeanCreationException: Error creating bean with name &apos;testCacheService&apos;: Injection of resource dependencies failed; nested exception is org.springframework.beans.factory.NoSuchBeanDefinitionException: No qualifying bean of type [com.mssm.dbTable.dao.UserMapper] found for dependency: expected at least 1 bean which qualifies as autowire candidate for this dependency. Dependency annotations: {@javax.annotation.Resource(shareable=true, mappedName=, description=, name=, type=class java.lang.Object, lookup=, authenticationType=CONTAINER)}
	at org.springframework.context.annotation.CommonAnnotationBeanPostProcessor.postProcessPropertyValues(CommonAnnotationBeanPostProcessor.java:307)
	at org.springframework.beans.factory.support.AbstractAutowireCapableBeanFactory.populateBean(AbstractAutowireCapableBeanFactory.java:1185)
	at org.springframework.beans.factory.support.AbstractAutowireCapableBeanFactory.doCreateBean(AbstractAutowireCapableBeanFactory.java:537)
	at org.springframework.beans.factory.support.AbstractAutowireCapableBeanFactory.createBean(AbstractAutowireCapableBeanFactory.java:475)
	at org.springframework.beans.factory.support.AbstractBeanFactory$1.getObject(AbstractBeanFactory.java:304)
	at org.springframework.beans.factory.support.DefaultSingletonBeanRegistry.getSingleton(DefaultSingletonBeanRegistry.java:228)
	at org.springframework.beans.factory.support.AbstractBeanFactory.doGetBean(AbstractBeanFactory.java:300)
	at org.springframework.beans.factory.support.AbstractBeanFactory.getBean(AbstractBeanFactory.java:200)
	at org.springframework.context.annotation.CommonAnnotationBeanPostProcessor.autowireResource(CommonAnnotationBeanPostProcessor.java:445)
	at org.springframework.context.annotation.CommonAnnotationBeanPostProcessor.getResource(CommonAnnotationBeanPostProcessor.java:419)
	at org.springframework.context.annotation.CommonAnnotationBeanPostProcessor$ResourceElement.getResourceToInject(CommonAnnotationBeanPostProcessor.java:544)
	at org.springframework.beans.factory.annotation.InjectionMetadata$InjectedElement.inject(InjectionMetadata.java:155)
	at org.springframework.beans.factory.annotation.InjectionMetadata.inject(InjectionMetadata.java:87)
	at org.springframework.context.annotation.CommonAnnotationBeanPostProcessor.postProcessPropertyValues(CommonAnnotationBeanPostProcessor.java:304)
	... 47 more
Caused by: org.springframework.beans.factory.NoSuchBeanDefinitionException: No qualifying bean of type [com.mssm.dbTable.dao.UserMapper] found for dependency: expected at least 1 bean which qualifies as autowire candidate for this dependency. Dependency annotations: {@javax.annotation.Resource(shareable=true, mappedName=, description=, name=, type=class java.lang.Object, lookup=, authenticationType=CONTAINER)}
	at org.springframework.beans.factory.support.DefaultListableBeanFactory.raiseNoSuchBeanDefinitionException(DefaultListableBeanFactory.java:1100)
	at org.springframework.beans.factory.support.DefaultListableBeanFactory.doResolveDependency(DefaultListableBeanFactory.java:960)
	at org.springframework.beans.factory.support.DefaultListableBeanFactory.resolveDependency(DefaultListableBeanFactory.java:855)
	at org.springframework.context.annotation.CommonAnnotationBeanPostProcessor.autowireResource(CommonAnnotationBeanPostProcessor.java:441)
	at org.springframework.context.annotation.CommonAnnotationBeanPostProcessor.getResource(CommonAnnotationBeanPostProcessor.java:419)
	at org.springframework.context.annotation.CommonAnnotationBeanPostProcessor$ResourceElement.getResourceToInject(CommonAnnotationBeanPostProcessor.java:544)
	at org.springframework.beans.factory.annotation.InjectionMetadata$InjectedElement.inject(InjectionMetadata.java:155)
	at org.springframework.beans.factory.annotation.InjectionMetadata.inject(InjectionMetadata.java:87)
	at org.springframework.context.annotation.CommonAnnotationBeanPostProcessor.postProcessPropertyValues(CommonAnnotationBeanPostProcessor.java:304)
	... 60 more
</error>
    <system-out>org.springframework.test.context.junit4.SpringJUnit4ClassRunner 2016-12-09 11:28:08,851-- DEBUG -- SpringJUnit4ClassRunner constructor called with [class com.test.TestMybatis].
org.springframework.test.context.support.AbstractDelegatingSmartContextLoader 2016-12-09 11:28:08,883-- DEBUG -- Delegating to GenericXmlContextLoader to process context configuration [ContextConfigurationAttributes@39a5342b declaringClass = &apos;com.test.TestMybatis&apos;, locations = &apos;{classpath:spring-mybatis.xml}&apos;, classes = &apos;{}&apos;, inheritLocations = true, initializers = &apos;{}&apos;, inheritInitializers = true, name = [null], contextLoaderClass = &apos;org.springframework.test.context.ContextLoader&apos;].
org.springframework.test.context.ContextLoaderUtils 2016-12-09 11:28:08,883-- DEBUG -- Could not find an &apos;annotation declaring class&apos; for annotation type [org.springframework.test.context.ActiveProfiles] and class [com.test.TestMybatis]
org.springframework.test.context.TestContextManager 2016-12-09 11:28:08,883-- DEBUG -- @TestExecutionListeners is not present for class [class com.test.TestMybatis]: using defaults.
org.springframework.test.annotation.ProfileValueUtils 2016-12-09 11:28:08,898-- DEBUG -- Retrieved @ProfileValueSourceConfiguration [null] for test class [com.test.TestMybatis]
org.springframework.test.annotation.ProfileValueUtils 2016-12-09 11:28:08,898-- DEBUG -- Retrieved ProfileValueSource type [class org.springframework.test.annotation.SystemProfileValueSource] for class [com.test.TestMybatis]
org.springframework.test.annotation.ProfileValueUtils 2016-12-09 11:28:08,898-- DEBUG -- Retrieved @ProfileValueSourceConfiguration [null] for test class [com.test.TestMybatis]
org.springframework.test.annotation.ProfileValueUtils 2016-12-09 11:28:08,898-- DEBUG -- Retrieved ProfileValueSource type [class org.springframework.test.annotation.SystemProfileValueSource] for class [com.test.TestMybatis]
org.springframework.test.annotation.ProfileValueUtils 2016-12-09 11:28:08,898-- DEBUG -- Retrieved @ProfileValueSourceConfiguration [null] for test class [com.test.TestMybatis]
org.springframework.test.annotation.ProfileValueUtils 2016-12-09 11:28:08,898-- DEBUG -- Retrieved ProfileValueSource type [class org.springframework.test.annotation.SystemProfileValueSource] for class [com.test.TestMybatis]
org.springframework.test.context.support.DependencyInjectionTestExecutionListener 2016-12-09 11:28:08,898-- DEBUG -- Performing dependency injection for test context [[DefaultTestContext@20d675ec testClass = TestMybatis, testInstance = com.test.TestMybatis@5fd7e9cb, testMethod = [null], testException = [null], mergedContextConfiguration = [MergedContextConfiguration@58363f95 testClass = TestMybatis, locations = &apos;{classpath:spring-mybatis.xml}&apos;, classes = &apos;{}&apos;, contextInitializerClasses = &apos;[]&apos;, activeProfiles = &apos;{}&apos;, contextLoader = &apos;org.springframework.test.context.support.DelegatingSmartContextLoader&apos;, parent = [null]]]].
org.springframework.test.context.support.AbstractDelegatingSmartContextLoader 2016-12-09 11:28:08,898-- DEBUG -- Delegating to GenericXmlContextLoader to load context from [MergedContextConfiguration@58363f95 testClass = TestMybatis, locations = &apos;{classpath:spring-mybatis.xml}&apos;, classes = &apos;{}&apos;, contextInitializerClasses = &apos;[]&apos;, activeProfiles = &apos;{}&apos;, contextLoader = &apos;org.springframework.test.context.support.DelegatingSmartContextLoader&apos;, parent = [null]].
org.springframework.test.context.support.AbstractGenericContextLoader 2016-12-09 11:28:08,898-- DEBUG -- Loading ApplicationContext for merged context configuration [[MergedContextConfiguration@58363f95 testClass = TestMybatis, locations = &apos;{classpath:spring-mybatis.xml}&apos;, classes = &apos;{}&apos;, contextInitializerClasses = &apos;[]&apos;, activeProfiles = &apos;{}&apos;, contextLoader = &apos;org.springframework.test.context.support.DelegatingSmartContextLoader&apos;, parent = [null]]].
org.springframework.core.env.StandardEnvironment 2016-12-09 11:28:08,962-- DEBUG -- Adding [systemProperties] PropertySource with lowest search precedence
org.springframework.core.env.StandardEnvironment 2016-12-09 11:28:08,977-- DEBUG -- Adding [systemEnvironment] PropertySource with lowest search precedence
org.springframework.core.env.StandardEnvironment 2016-12-09 11:28:08,977-- DEBUG -- Initialized StandardEnvironment with PropertySources [systemProperties,systemEnvironment]
org.springframework.beans.factory.xml.XmlBeanDefinitionReader 2016-12-09 11:28:08,977-- INFO -- Loading XML bean definitions from class path resource [spring-mybatis.xml]
org.springframework.beans.factory.xml.DefaultDocumentLoader 2016-12-09 11:28:08,977-- DEBUG -- Using JAXP provider [com.sun.org.apache.xerces.internal.jaxp.DocumentBuilderFactoryImpl]
org.springframework.beans.factory.xml.PluggableSchemaResolver 2016-12-09 11:28:09,008-- DEBUG -- Loading schema mappings from [META-INF/spring.schemas]
org.springframework.beans.factory.xml.PluggableSchemaResolver 2016-12-09 11:28:09,008-- DEBUG -- Loaded schema mappings: {http://www.springframework.org/schema/tx/spring-tx-2.5.xsd=org/springframework/transaction/config/spring-tx-2.5.xsd, http://www.springframework.org/schema/context/spring-context-3.1.xsd=org/springframework/context/config/spring-context-3.1.xsd, http://www.springframework.org/schema/util/spring-util-3.0.xsd=org/springframework/beans/factory/xml/spring-util-3.0.xsd, http://mybatis.org/schema/mybatis-spring-1.2.xsd=org/mybatis/spring/config/mybatis-spring-1.2.xsd, http://www.springframework.org/schema/aop/spring-aop-3.2.xsd=org/springframework/aop/config/spring-aop-3.2.xsd, http://www.springframework.org/schema/tool/spring-tool.xsd=org/springframework/beans/factory/xml/spring-tool-4.0.xsd, http://www.springframework.org/schema/context/spring-context-4.0.xsd=org/springframework/context/config/spring-context-4.0.xsd, http://www.springframework.org/schema/mvc/spring-mvc-3.2.xsd=org/springframework/web/servlet/config/spring-mvc-3.2.xsd, http://www.springframework.org/schema/oxm/spring-oxm-3.0.xsd=org/springframework/oxm/config/spring-oxm-3.0.xsd, http://www.springframework.org/schema/lang/spring-lang-3.2.xsd=org/springframework/scripting/config/spring-lang-3.2.xsd, http://www.springframework.org/schema/cache/spring-cache-3.2.xsd=org/springframework/cache/config/spring-cache-3.2.xsd, http://www.springframework.org/schema/jdbc/spring-jdbc-3.1.xsd=org/springframework/jdbc/config/spring-jdbc-3.1.xsd, http://www.springframework.org/schema/util/spring-util-2.0.xsd=org/springframework/beans/factory/xml/spring-util-2.0.xsd, http://www.springframework.org/schema/tool/spring-tool-3.2.xsd=org/springframework/beans/factory/xml/spring-tool-3.2.xsd, http://www.springframework.org/schema/context/spring-context.xsd=org/springframework/context/config/spring-context-4.0.xsd, http://www.springframework.org/schema/aop/spring-aop-4.0.xsd=org/springframework/aop/config/spring-aop-4.0.xsd, http://www.springframework.org/schema/jee/spring-jee-3.2.xsd=org/springframework/ejb/config/spring-jee-3.2.xsd, http://www.springframework.org/schema/context/spring-context-3.0.xsd=org/springframework/context/config/spring-context-3.0.xsd, http://www.springframework.org/schema/jdbc/spring-jdbc-4.0.xsd=org/springframework/jdbc/config/spring-jdbc-4.0.xsd, http://www.springframework.org/schema/util/spring-util-2.5.xsd=org/springframework/beans/factory/xml/spring-util-2.5.xsd, http://www.springframework.org/schema/mvc/spring-mvc-4.0.xsd=org/springframework/web/servlet/config/spring-mvc-4.0.xsd, http://www.springframework.org/schema/beans/spring-beans-3.2.xsd=org/springframework/beans/factory/xml/spring-beans-3.2.xsd, http://www.springframework.org/schema/aop/spring-aop-3.1.xsd=org/springframework/aop/config/spring-aop-3.1.xsd, http://www.springframework.org/schema/lang/spring-lang-4.0.xsd=org/springframework/scripting/config/spring-lang-4.0.xsd, http://www.springframework.org/schema/mvc/spring-mvc.xsd=org/springframework/web/servlet/config/spring-mvc-4.0.xsd, http://www.springframework.org/schema/mvc/spring-mvc-3.1.xsd=org/springframework/web/servlet/config/spring-mvc-3.1.xsd, http://www.springframework.org/schema/tool/spring-tool-4.0.xsd=org/springframework/beans/factory/xml/spring-tool-4.0.xsd, http://www.springframework.org/schema/lang/spring-lang-3.1.xsd=org/springframework/scripting/config/spring-lang-3.1.xsd, http://www.springframework.org/schema/tx/spring-tx-3.2.xsd=org/springframework/transaction/config/spring-tx-3.2.xsd, http://www.springframework.org/schema/cache/spring-cache-3.1.xsd=org/springframework/cache/config/spring-cache-3.1.xsd, http://www.springframework.org/schema/jee/spring-jee-4.0.xsd=org/springframework/ejb/config/spring-jee-4.0.xsd, http://www.springframework.org/schema/jdbc/spring-jdbc-3.0.xsd=org/springframework/jdbc/config/spring-jdbc-3.0.xsd, http://www.springframework.org/schema/jdbc/spring-jdbc.xsd=org/springframework/jdbc/config/spring-jdbc-4.0.xsd, http://www.springframework.org/schema/tool/spring-tool-3.1.xsd=org/springframework/beans/factory/xml/spring-tool-3.1.xsd, http://www.springframework.org/schema/cache/spring-cache-4.0.xsd=org/springframework/cache/config/spring-cache-4.0.xsd, http://www.springframework.org/schema/jee/spring-jee-3.1.xsd=org/springframework/ejb/config/spring-jee-3.1.xsd, http://www.springframework.org/schema/task/spring-task-3.2.xsd=org/springframework/scheduling/config/spring-task-3.2.xsd, http://www.springframework.org/schema/beans/spring-beans-3.1.xsd=org/springframework/beans/factory/xml/spring-beans-3.1.xsd, http://www.springframework.org/schema/util/spring-util.xsd=org/springframework/beans/factory/xml/spring-util-4.0.xsd, http://www.springframework.org/schema/aop/spring-aop-3.0.xsd=org/springframework/aop/config/spring-aop-3.0.xsd, http://www.springframework.org/schema/mvc/spring-mvc-3.0.xsd=org/springframework/web/servlet/config/spring-mvc-3.0.xsd, http://www.springframework.org/schema/beans/spring-beans-4.0.xsd=org/springframework/beans/factory/xml/spring-beans-4.0.xsd, http://www.springframework.org/schema/beans/spring-beans.xsd=org/springframework/beans/factory/xml/spring-beans-4.0.xsd, http://mybatis.org/schema/mybatis-spring.xsd=org/mybatis/spring/config/mybatis-spring-1.2.xsd, http://www.springframework.org/schema/lang/spring-lang-3.0.xsd=org/springframework/scripting/config/spring-lang-3.0.xsd, http://www.springframework.org/schema/tx/spring-tx-3.1.xsd=org/springframework/transaction/config/spring-tx-3.1.xsd, http://www.springframework.org/schema/context/spring-context-2.5.xsd=org/springframework/context/config/spring-context-2.5.xsd, http://www.springframework.org/schema/task/spring-task-4.0.xsd=org/springframework/scheduling/config/spring-task-4.0.xsd, http://www.springframework.org/schema/tool/spring-tool-3.0.xsd=org/springframework/beans/factory/xml/spring-tool-3.0.xsd, http://www.springframework.org/schema/tx/spring-tx-4.0.xsd=org/springframework/transaction/config/spring-tx-4.0.xsd, http://www.springframework.org/schema/aop/spring-aop-2.0.xsd=org/springframework/aop/config/spring-aop-2.0.xsd, http://www.springframework.org/schema/jee/spring-jee-3.0.xsd=org/springframework/ejb/config/spring-jee-3.0.xsd, http://www.springframework.org/schema/task/spring-task-3.1.xsd=org/springframework/scheduling/config/spring-task-3.1.xsd, http://www.springframework.org/schema/beans/spring-beans-3.0.xsd=org/springframework/beans/factory/xml/spring-beans-3.0.xsd, http://www.springframework.org/schema/jee/spring-jee.xsd=org/springframework/ejb/config/spring-jee-4.0.xsd, http://www.springframework.org/schema/aop/spring-aop-2.5.xsd=org/springframework/aop/config/spring-aop-2.5.xsd, http://www.springframework.org/schema/lang/spring-lang-2.0.xsd=org/springframework/scripting/config/spring-lang-2.0.xsd, http://www.springframework.org/schema/oxm/spring-oxm.xsd=org/springframework/oxm/config/spring-oxm-4.0.xsd, http://www.springframework.org/schema/util/spring-util-3.2.xsd=org/springframework/beans/factory/xml/spring-util-3.2.xsd, http://www.springframework.org/schema/task/spring-task.xsd=org/springframework/scheduling/config/spring-task-4.0.xsd, http://www.springframework.org/schema/tool/spring-tool-2.0.xsd=org/springframework/beans/factory/xml/spring-tool-2.0.xsd, http://www.springframework.org/schema/tx/spring-tx-3.0.xsd=org/springframework/transaction/config/spring-tx-3.0.xsd, http://www.springframework.org/schema/lang/spring-lang-2.5.xsd=org/springframework/scripting/config/spring-lang-2.5.xsd, http://www.springframework.org/schema/jee/spring-jee-2.0.xsd=org/springframework/ejb/config/spring-jee-2.0.xsd, http://www.springframework.org/schema/oxm/spring-oxm-3.2.xsd=org/springframework/oxm/config/spring-oxm-3.2.xsd, http://www.springframework.org/schema/tool/spring-tool-2.5.xsd=org/springframework/beans/factory/xml/spring-tool-2.5.xsd, http://www.springframework.org/schema/jee/spring-jee-2.5.xsd=org/springframework/ejb/config/spring-jee-2.5.xsd, http://www.springframework.org/schema/util/spring-util-4.0.xsd=org/springframework/beans/factory/xml/spring-util-4.0.xsd, http://www.springframework.org/schema/task/spring-task-3.0.xsd=org/springframework/scheduling/config/spring-task-3.0.xsd, http://www.springframework.org/schema/lang/spring-lang.xsd=org/springframework/scripting/config/spring-lang-4.0.xsd, http://www.springframework.org/schema/context/spring-context-3.2.xsd=org/springframework/context/config/spring-context-3.2.xsd, http://www.springframework.org/schema/util/spring-util-3.1.xsd=org/springframework/beans/factory/xml/spring-util-3.1.xsd, http://www.springframework.org/schema/beans/spring-beans-2.0.xsd=org/springframework/beans/factory/xml/spring-beans-2.0.xsd, http://www.springframework.org/schema/oxm/spring-oxm-4.0.xsd=org/springframework/oxm/config/spring-oxm-4.0.xsd, http://www.springframework.org/schema/cache/spring-cache.xsd=org/springframework/cache/config/spring-cache-4.0.xsd, http://www.springframework.org/schema/tx/spring-tx.xsd=org/springframework/transaction/config/spring-tx-4.0.xsd, http://www.springframework.org/schema/beans/spring-beans-2.5.xsd=org/springframework/beans/factory/xml/spring-beans-2.5.xsd, http://www.springframework.org/schema/oxm/spring-oxm-3.1.xsd=org/springframework/oxm/config/spring-oxm-3.1.xsd, http://www.springframework.org/schema/tx/spring-tx-2.0.xsd=org/springframework/transaction/config/spring-tx-2.0.xsd, http://www.alibaba.com/schema/stat.xsd=META-INF/stat.xsd, http://www.springframework.org/schema/jdbc/spring-jdbc-3.2.xsd=org/springframework/jdbc/config/spring-jdbc-3.2.xsd, http://www.springframework.org/schema/aop/spring-aop.xsd=org/springframework/aop/config/spring-aop-4.0.xsd}
org.springframework.beans.factory.xml.PluggableSchemaResolver 2016-12-09 11:28:09,008-- DEBUG -- Found XML schema [http://www.springframework.org/schema/beans/spring-beans-4.0.xsd] in classpath: org/springframework/beans/factory/xml/spring-beans-4.0.xsd
org.springframework.beans.factory.xml.PluggableSchemaResolver 2016-12-09 11:28:09,047-- DEBUG -- Found XML schema [http://www.springframework.org/schema/context/spring-context-4.0.xsd] in classpath: org/springframework/context/config/spring-context-4.0.xsd
org.springframework.beans.factory.xml.PluggableSchemaResolver 2016-12-09 11:28:09,052-- DEBUG -- Found XML schema [http://www.springframework.org/schema/tool/spring-tool-4.0.xsd] in classpath: org/springframework/beans/factory/xml/spring-tool-4.0.xsd
org.springframework.beans.factory.xml.PluggableSchemaResolver 2016-12-09 11:28:09,052-- DEBUG -- Found XML schema [http://www.springframework.org/schema/tx/spring-tx-4.0.xsd] in classpath: org/springframework/transaction/config/spring-tx-4.0.xsd
org.springframework.beans.factory.xml.PluggableSchemaResolver 2016-12-09 11:28:09,052-- DEBUG -- Found XML schema [http://www.springframework.org/schema/aop/spring-aop-4.0.xsd] in classpath: org/springframework/aop/config/spring-aop-4.0.xsd
org.springframework.beans.factory.xml.DefaultBeanDefinitionDocumentReader 2016-12-09 11:28:09,067-- DEBUG -- Loading bean definitions
org.springframework.beans.factory.xml.DefaultNamespaceHandlerResolver 2016-12-09 11:28:09,067-- DEBUG -- Loaded NamespaceHandler mappings: {http://www.springframework.org/schema/p=org.springframework.beans.factory.xml.SimplePropertyNamespaceHandler, http://www.springframework.org/schema/mvc=org.springframework.web.servlet.config.MvcNamespaceHandler, http://www.springframework.org/schema/util=org.springframework.beans.factory.xml.UtilNamespaceHandler, http://www.alibaba.com/schema/stat=com.alibaba.druid.support.spring.stat.config.DruidStatNamespaceHandler, http://www.springframework.org/schema/jee=org.springframework.ejb.config.JeeNamespaceHandler, http://www.springframework.org/schema/aop=org.springframework.aop.config.AopNamespaceHandler, http://www.springframework.org/schema/oxm=org.springframework.oxm.config.OxmNamespaceHandler, http://www.springframework.org/schema/jdbc=org.springframework.jdbc.config.JdbcNamespaceHandler, http://www.springframework.org/schema/cache=org.springframework.cache.config.CacheNamespaceHandler, http://mybatis.org/schema/mybatis-spring=org.mybatis.spring.config.NamespaceHandler, http://www.springframework.org/schema/c=org.springframework.beans.factory.xml.SimpleConstructorNamespaceHandler, http://www.springframework.org/schema/tx=org.springframework.transaction.config.TxNamespaceHandler, http://www.springframework.org/schema/task=org.springframework.scheduling.config.TaskNamespaceHandler, http://www.springframework.org/schema/lang=org.springframework.scripting.config.LangNamespaceHandler, http://www.springframework.org/schema/context=org.springframework.context.config.ContextNamespaceHandler}
org.springframework.context.annotation.ClassPathBeanDefinitionScanner 2016-12-09 11:28:09,083-- DEBUG -- JSR-330 &apos;javax.inject.Named&apos; annotation found and supported for component scanning
org.springframework.core.io.support.PathMatchingResourcePatternResolver 2016-12-09 11:28:09,083-- DEBUG -- Looking for matching resources in directory tree [E:\my\ecWorkSpace2\mssm\target\classes\com\mssm]
org.springframework.core.io.support.PathMatchingResourcePatternResolver 2016-12-09 11:28:09,083-- DEBUG -- Searching directory [E:\my\ecWorkSpace2\mssm\target\classes\com\mssm] for files matching pattern [E:/my/ecWorkSpace2/mssm/target/classes/com/mssm/**/*.class]
org.springframework.core.io.support.PathMatchingResourcePatternResolver 2016-12-09 11:28:09,098-- DEBUG -- Searching directory [E:\my\ecWorkSpace2\mssm\target\classes\com\mssm\common] for files matching pattern [E:/my/ecWorkSpace2/mssm/target/classes/com/mssm/**/*.class]
org.springframework.core.io.support.PathMatchingResourcePatternResolver 2016-12-09 11:28:09,098-- DEBUG -- Searching directory [E:\my\ecWorkSpace2\mssm\target\classes\com\mssm\dbTable] for files matching pattern [E:/my/ecWorkSpace2/mssm/target/classes/com/mssm/**/*.class]
org.springframework.core.io.support.PathMatchingResourcePatternResolver 2016-12-09 11:28:09,098-- DEBUG -- Searching directory [E:\my\ecWorkSpace2\mssm\target\classes\com\mssm\dbTable\controller] for files matching pattern [E:/my/ecWorkSpace2/mssm/target/classes/com/mssm/**/*.class]
org.springframework.core.io.support.PathMatchingResourcePatternResolver 2016-12-09 11:28:09,098-- DEBUG -- Searching directory [E:\my\ecWorkSpace2\mssm\target\classes\com\mssm\dbTable\dao] for files matching pattern [E:/my/ecWorkSpace2/mssm/target/classes/com/mssm/**/*.class]
org.springframework.core.io.support.PathMatchingResourcePatternResolver 2016-12-09 11:28:09,098-- DEBUG -- Searching directory [E:\my\ecWorkSpace2\mssm\target\classes\com\mssm\dbTable\pojo] for files matching pattern [E:/my/ecWorkSpace2/mssm/target/classes/com/mssm/**/*.class]
org.springframework.core.io.support.PathMatchingResourcePatternResolver 2016-12-09 11:28:09,098-- DEBUG -- Searching directory [E:\my\ecWorkSpace2\mssm\target\classes\com\mssm\dbTable\service] for files matching pattern [E:/my/ecWorkSpace2/mssm/target/classes/com/mssm/**/*.class]
org.springframework.core.io.support.PathMatchingResourcePatternResolver 2016-12-09 11:28:09,098-- DEBUG -- Searching directory [E:\my\ecWorkSpace2\mssm\target\classes\com\mssm\dbTable\service\impl] for files matching pattern [E:/my/ecWorkSpace2/mssm/target/classes/com/mssm/**/*.class]
org.springframework.core.io.support.PathMatchingResourcePatternResolver 2016-12-09 11:28:09,098-- DEBUG -- Resolved location pattern [classpath*:com/mssm/**/*.class] to resources [file [E:\my\ecWorkSpace2\mssm\target\classes\com\mssm\common\Util.class], file [E:\my\ecWorkSpace2\mssm\target\classes\com\mssm\dbTable\controller\TestCacheController.class], file [E:\my\ecWorkSpace2\mssm\target\classes\com\mssm\dbTable\controller\UserController.class], file [E:\my\ecWorkSpace2\mssm\target\classes\com\mssm\dbTable\dao\UserMapper.class], file [E:\my\ecWorkSpace2\mssm\target\classes\com\mssm\dbTable\pojo\User.class], file [E:\my\ecWorkSpace2\mssm\target\classes\com\mssm\dbTable\service\impl\TestCacheService.class], file [E:\my\ecWorkSpace2\mssm\target\classes\com\mssm\dbTable\service\impl\TestCacheService2.class], file [E:\my\ecWorkSpace2\mssm\target\classes\com\mssm\dbTable\service\impl\UserService.class], file [E:\my\ecWorkSpace2\mssm\target\classes\com\mssm\dbTable\service\ITestCacheService.class], file [E:\my\ecWorkSpace2\mssm\target\classes\com\mssm\dbTable\service\IUserService.class]]
org.springframework.context.annotation.ClassPathBeanDefinitionScanner 2016-12-09 11:28:09,114-- DEBUG -- Identified candidate component class: file [E:\my\ecWorkSpace2\mssm\target\classes\com\mssm\dbTable\controller\TestCacheController.class]
org.springframework.context.annotation.ClassPathBeanDefinitionScanner 2016-12-09 11:28:09,114-- DEBUG -- Identified candidate component class: file [E:\my\ecWorkSpace2\mssm\target\classes\com\mssm\dbTable\controller\UserController.class]
org.springframework.context.annotation.ClassPathBeanDefinitionScanner 2016-12-09 11:28:09,114-- DEBUG -- Ignored because not a concrete top-level class: file [E:\my\ecWorkSpace2\mssm\target\classes\com\mssm\dbTable\dao\UserMapper.class]
org.springframework.context.annotation.ClassPathBeanDefinitionScanner 2016-12-09 11:28:09,114-- DEBUG -- Identified candidate component class: file [E:\my\ecWorkSpace2\mssm\target\classes\com\mssm\dbTable\service\impl\TestCacheService.class]
org.springframework.context.annotation.ClassPathBeanDefinitionScanner 2016-12-09 11:28:09,114-- DEBUG -- Identified candidate component class: file [E:\my\ecWorkSpace2\mssm\target\classes\com\mssm\dbTable\service\impl\TestCacheService2.class]
org.springframework.context.annotation.ClassPathBeanDefinitionScanner 2016-12-09 11:28:09,130-- DEBUG -- Identified candidate component class: file [E:\my\ecWorkSpace2\mssm\target\classes\com\mssm\dbTable\service\impl\UserService.class]
org.springframework.beans.factory.xml.BeanDefinitionParserDelegate 2016-12-09 11:28:09,145-- DEBUG -- Neither XML &apos;id&apos; nor &apos;name&apos; specified - using generated bean name [org.mybatis.spring.mapper.MapperScannerConfigurer#0]
org.springframework.beans.factory.xml.XmlBeanDefinitionReader 2016-12-09 11:28:09,161-- DEBUG -- Loaded 18 bean definitions from location pattern [classpath:spring-mybatis.xml]
org.springframework.context.support.GenericApplicationContext 2016-12-09 11:28:09,161-- INFO -- Refreshing org.springframework.context.support.GenericApplicationContext@192ba2d4: startup date [Fri Dec 09 11:28:09 CST 2016]; root of context hierarchy
org.springframework.context.support.GenericApplicationContext 2016-12-09 11:28:09,161-- DEBUG -- Bean factory for org.springframework.context.support.GenericApplicationContext@192ba2d4: org.springframework.beans.factory.support.DefaultListableBeanFactory@40c31593: defining beans [testCacheController,userController,testCacheService,testCacheService2,userService,org.springframework.context.annotation.internalConfigurationAnnotationProcessor,org.springframework.context.annotation.internalAutowiredAnnotationProcessor,org.springframework.context.annotation.internalRequiredAnnotationProcessor,org.springframework.context.annotation.internalCommonAnnotationProcessor,propertyConfigurer,dataSource,sqlSessionFactory,org.mybatis.spring.mapper.MapperScannerConfigurer#0,transactionManager,txAdvice,org.springframework.aop.config.internalAutoProxyCreator,targetMethod,org.springframework.aop.support.DefaultBeanFactoryPointcutAdvisor#0]; root of factory hierarchy
org.springframework.beans.factory.support.DefaultListableBeanFactory 2016-12-09 11:28:09,177-- DEBUG -- Creating shared instance of singleton bean &apos;org.springframework.context.annotation.internalConfigurationAnnotationProcessor&apos;
org.springframework.beans.factory.support.DefaultListableBeanFactory 2016-12-09 11:28:09,177-- DEBUG -- Creating instance of bean &apos;org.springframework.context.annotation.internalConfigurationAnnotationProcessor&apos;
org.springframework.beans.factory.support.DefaultListableBeanFactory 2016-12-09 11:28:09,193-- DEBUG -- Eagerly caching bean &apos;org.springframework.context.annotation.internalConfigurationAnnotationProcessor&apos; to allow for resolving potential circular references
org.springframework.beans.factory.support.DefaultListableBeanFactory 2016-12-09 11:28:09,193-- DEBUG -- Finished creating instance of bean &apos;org.springframework.context.annotation.internalConfigurationAnnotationProcessor&apos;
org.springframework.beans.factory.support.DefaultListableBeanFactory 2016-12-09 11:28:09,224-- DEBUG -- Creating shared instance of singleton bean &apos;org.mybatis.spring.mapper.MapperScannerConfigurer#0&apos;
org.springframework.beans.factory.support.DefaultListableBeanFactory 2016-12-09 11:28:09,224-- DEBUG -- Creating instance of bean &apos;org.mybatis.spring.mapper.MapperScannerConfigurer#0&apos;
org.springframework.beans.factory.support.DefaultListableBeanFactory 2016-12-09 11:28:09,224-- DEBUG -- Eagerly caching bean &apos;org.mybatis.spring.mapper.MapperScannerConfigurer#0&apos; to allow for resolving potential circular references
org.springframework.beans.factory.support.DefaultListableBeanFactory 2016-12-09 11:28:09,255-- DEBUG -- Invoking afterPropertiesSet() on bean with name &apos;org.mybatis.spring.mapper.MapperScannerConfigurer#0&apos;
org.springframework.beans.factory.support.DefaultListableBeanFactory 2016-12-09 11:28:09,255-- DEBUG -- Finished creating instance of bean &apos;org.mybatis.spring.mapper.MapperScannerConfigurer#0&apos;
org.springframework.core.env.StandardEnvironment 2016-12-09 11:28:09,255-- DEBUG -- Adding [systemProperties] PropertySource with lowest search precedence
org.springframework.core.env.StandardEnvironment 2016-12-09 11:28:09,255-- DEBUG -- Adding [systemEnvironment] PropertySource with lowest search precedence
org.springframework.core.env.StandardEnvironment 2016-12-09 11:28:09,255-- DEBUG -- Initialized StandardEnvironment with PropertySources [systemProperties,systemEnvironment]
org.springframework.core.io.support.PathMatchingResourcePatternResolver 2016-12-09 11:28:09,255-- DEBUG -- Looking for matching resources in directory tree [E:\my\ecWorkSpace2\mssm\target\classes\com\mssm\dbTable\dao]
org.springframework.core.io.support.PathMatchingResourcePatternResolver 2016-12-09 11:28:09,255-- DEBUG -- Searching directory [E:\my\ecWorkSpace2\mssm\target\classes\com\mssm\dbTable\dao] for files matching pattern [E:/my/ecWorkSpace2/mssm/target/classes/com/mssm/dbTable/dao/**/*.class]
org.springframework.core.io.support.PathMatchingResourcePatternResolver 2016-12-09 11:28:09,255-- DEBUG -- Resolved location pattern [classpath*:com/mssm/dbTable/dao/**/*.class] to resources [file [E:\my\ecWorkSpace2\mssm\target\classes\com\mssm\dbTable\dao\UserMapper.class]]
org.mybatis.spring.mapper.ClassPathMapperScanner 2016-12-09 11:28:09,255-- DEBUG -- Identified candidate component class: file [E:\my\ecWorkSpace2\mssm\target\classes\com\mssm\dbTable\dao\UserMapper.class]
org.mybatis.spring.mapper.ClassPathMapperScanner 2016-12-09 11:28:09,255-- DEBUG -- Creating MapperFactoryBean with name &apos;userMapper&apos; and &apos;com.mssm.dbTable.dao.UserMapper&apos; mapperInterface
org.springframework.beans.factory.support.DefaultListableBeanFactory 2016-12-09 11:28:09,255-- DEBUG -- Creating shared instance of singleton bean &apos;propertyConfigurer&apos;
org.springframework.beans.factory.support.DefaultListableBeanFactory 2016-12-09 11:28:09,255-- DEBUG -- Creating instance of bean &apos;propertyConfigurer&apos;
org.springframework.beans.factory.support.DefaultListableBeanFactory 2016-12-09 11:28:09,255-- DEBUG -- Eagerly caching bean &apos;propertyConfigurer&apos; to allow for resolving potential circular references
org.springframework.beans.factory.support.DefaultListableBeanFactory 2016-12-09 11:28:09,255-- DEBUG -- Finished creating instance of bean &apos;propertyConfigurer&apos;
org.springframework.beans.factory.config.PropertyPlaceholderConfigurer 2016-12-09 11:28:09,255-- INFO -- Loading properties file from class path resource [jdbc.properties]
org.springframework.beans.factory.support.DefaultListableBeanFactory 2016-12-09 11:28:09,271-- DEBUG -- Creating shared instance of singleton bean &apos;org.springframework.context.annotation.internalAutowiredAnnotationProcessor&apos;
org.springframework.beans.factory.support.DefaultListableBeanFactory 2016-12-09 11:28:09,271-- DEBUG -- Creating instance of bean &apos;org.springframework.context.annotation.internalAutowiredAnnotationProcessor&apos;
org.springframework.beans.factory.annotation.AutowiredAnnotationBeanPostProcessor 2016-12-09 11:28:09,271-- INFO -- JSR-330 &apos;javax.inject.Inject&apos; annotation found and supported for autowiring
org.springframework.beans.factory.support.DefaultListableBeanFactory 2016-12-09 11:28:09,271-- DEBUG -- Eagerly caching bean &apos;org.springframework.context.annotation.internalAutowiredAnnotationProcessor&apos; to allow for resolving potential circular references
org.springframework.beans.factory.support.DefaultListableBeanFactory 2016-12-09 11:28:09,271-- DEBUG -- Finished creating instance of bean &apos;org.springframework.context.annotation.internalAutowiredAnnotationProcessor&apos;
org.springframework.beans.factory.support.DefaultListableBeanFactory 2016-12-09 11:28:09,271-- DEBUG -- Creating shared instance of singleton bean &apos;org.springframework.context.annotation.internalRequiredAnnotationProcessor&apos;
org.springframework.beans.factory.support.DefaultListableBeanFactory 2016-12-09 11:28:09,271-- DEBUG -- Creating instance of bean &apos;org.springframework.context.annotation.internalRequiredAnnotationProcessor&apos;
org.springframework.beans.factory.support.DefaultListableBeanFactory 2016-12-09 11:28:09,271-- DEBUG -- Eagerly caching bean &apos;org.springframework.context.annotation.internalRequiredAnnotationProcessor&apos; to allow for resolving potential circular references
org.springframework.beans.factory.support.DefaultListableBeanFactory 2016-12-09 11:28:09,271-- DEBUG -- Finished creating instance of bean &apos;org.springframework.context.annotation.internalRequiredAnnotationProcessor&apos;
org.springframework.beans.factory.support.DefaultListableBeanFactory 2016-12-09 11:28:09,271-- DEBUG -- Creating shared instance of singleton bean &apos;org.springframework.context.annotation.internalCommonAnnotationProcessor&apos;
org.springframework.beans.factory.support.DefaultListableBeanFactory 2016-12-09 11:28:09,271-- DEBUG -- Creating instance of bean &apos;org.springframework.context.annotation.internalCommonAnnotationProcessor&apos;
org.springframework.beans.factory.support.DefaultListableBeanFactory 2016-12-09 11:28:09,271-- DEBUG -- Eagerly caching bean &apos;org.springframework.context.annotation.internalCommonAnnotationProcessor&apos; to allow for resolving potential circular references
org.springframework.beans.factory.support.DefaultListableBeanFactory 2016-12-09 11:28:09,271-- DEBUG -- Finished creating instance of bean &apos;org.springframework.context.annotation.internalCommonAnnotationProcessor&apos;
org.springframework.beans.factory.support.DefaultListableBeanFactory 2016-12-09 11:28:09,271-- DEBUG -- Creating shared instance of singleton bean &apos;org.springframework.context.annotation.ConfigurationClassPostProcessor.importAwareProcessor&apos;
org.springframework.beans.factory.support.DefaultListableBeanFactory 2016-12-09 11:28:09,271-- DEBUG -- Creating instance of bean &apos;org.springframework.context.annotation.ConfigurationClassPostProcessor.importAwareProcessor&apos;
org.springframework.beans.factory.support.DefaultListableBeanFactory 2016-12-09 11:28:09,271-- DEBUG -- Eagerly caching bean &apos;org.springframework.context.annotation.ConfigurationClassPostProcessor.importAwareProcessor&apos; to allow for resolving potential circular references
org.springframework.beans.factory.support.DefaultListableBeanFactory 2016-12-09 11:28:09,271-- DEBUG -- Finished creating instance of bean &apos;org.springframework.context.annotation.ConfigurationClassPostProcessor.importAwareProcessor&apos;
org.springframework.beans.factory.support.DefaultListableBeanFactory 2016-12-09 11:28:09,271-- DEBUG -- Creating shared instance of singleton bean &apos;org.springframework.context.annotation.ConfigurationClassPostProcessor.enhancedConfigurationProcessor&apos;
org.springframework.beans.factory.support.DefaultListableBeanFactory 2016-12-09 11:28:09,271-- DEBUG -- Creating instance of bean &apos;org.springframework.context.annotation.ConfigurationClassPostProcessor.enhancedConfigurationProcessor&apos;
org.springframework.beans.factory.support.DefaultListableBeanFactory 2016-12-09 11:28:09,271-- DEBUG -- Eagerly caching bean &apos;org.springframework.context.annotation.ConfigurationClassPostProcessor.enhancedConfigurationProcessor&apos; to allow for resolving potential circular references
org.springframework.beans.factory.support.DefaultListableBeanFactory 2016-12-09 11:28:09,271-- DEBUG -- Finished creating instance of bean &apos;org.springframework.context.annotation.ConfigurationClassPostProcessor.enhancedConfigurationProcessor&apos;
org.springframework.beans.factory.support.DefaultListableBeanFactory 2016-12-09 11:28:09,271-- DEBUG -- Creating shared instance of singleton bean &apos;org.springframework.aop.config.internalAutoProxyCreator&apos;
org.springframework.beans.factory.support.DefaultListableBeanFactory 2016-12-09 11:28:09,271-- DEBUG -- Creating instance of bean &apos;org.springframework.aop.config.internalAutoProxyCreator&apos;
org.springframework.beans.factory.support.DefaultListableBeanFactory 2016-12-09 11:28:09,271-- DEBUG -- Eagerly caching bean &apos;org.springframework.aop.config.internalAutoProxyCreator&apos; to allow for resolving potential circular references
org.springframework.beans.factory.support.DefaultListableBeanFactory 2016-12-09 11:28:09,287-- DEBUG -- Finished creating instance of bean &apos;org.springframework.aop.config.internalAutoProxyCreator&apos;
org.springframework.context.support.GenericApplicationContext 2016-12-09 11:28:09,287-- DEBUG -- Unable to locate MessageSource with name &apos;messageSource&apos;: using default [org.springframework.context.support.DelegatingMessageSource@511c109]
org.springframework.context.support.GenericApplicationContext 2016-12-09 11:28:09,287-- DEBUG -- Unable to locate ApplicationEventMulticaster with name &apos;applicationEventMulticaster&apos;: using default [org.springframework.context.event.SimpleApplicationEventMulticaster@23bdce67]
org.springframework.beans.factory.support.DefaultListableBeanFactory 2016-12-09 11:28:09,302-- DEBUG -- Pre-instantiating singletons in org.springframework.beans.factory.support.DefaultListableBeanFactory@40c31593: defining beans [testCacheController,userController,testCacheService,testCacheService2,userService,org.springframework.context.annotation.internalConfigurationAnnotationProcessor,org.springframework.context.annotation.internalAutowiredAnnotationProcessor,org.springframework.context.annotation.internalRequiredAnnotationProcessor,org.springframework.context.annotation.internalCommonAnnotationProcessor,propertyConfigurer,dataSource,sqlSessionFactory,org.mybatis.spring.mapper.MapperScannerConfigurer#0,transactionManager,txAdvice,org.springframework.aop.config.internalAutoProxyCreator,targetMethod,org.springframework.aop.support.DefaultBeanFactoryPointcutAdvisor#0,org.springframework.context.annotation.ConfigurationClassPostProcessor.importAwareProcessor,org.springframework.context.annotation.ConfigurationClassPostProcessor.enhancedConfigurationProcessor,userMapper]; root of factory hierarchy
org.springframework.beans.factory.support.DefaultListableBeanFactory 2016-12-09 11:28:09,302-- DEBUG -- Creating shared instance of singleton bean &apos;testCacheController&apos;
org.springframework.beans.factory.support.DefaultListableBeanFactory 2016-12-09 11:28:09,302-- DEBUG -- Creating instance of bean &apos;testCacheController&apos;
org.springframework.beans.factory.support.DefaultListableBeanFactory 2016-12-09 11:28:09,302-- DEBUG -- Creating shared instance of singleton bean &apos;org.springframework.aop.support.DefaultBeanFactoryPointcutAdvisor#0&apos;
org.springframework.beans.factory.support.DefaultListableBeanFactory 2016-12-09 11:28:09,302-- DEBUG -- Creating instance of bean &apos;org.springframework.aop.support.DefaultBeanFactoryPointcutAdvisor#0&apos;
org.springframework.beans.factory.support.DefaultListableBeanFactory 2016-12-09 11:28:09,302-- DEBUG -- Eagerly caching bean &apos;org.springframework.aop.support.DefaultBeanFactoryPointcutAdvisor#0&apos; to allow for resolving potential circular references
org.springframework.beans.factory.support.DefaultListableBeanFactory 2016-12-09 11:28:09,302-- DEBUG -- Creating instance of bean &apos;targetMethod&apos;
org.springframework.beans.factory.support.DefaultListableBeanFactory 2016-12-09 11:28:09,302-- DEBUG -- Finished creating instance of bean &apos;targetMethod&apos;
org.springframework.beans.factory.support.DefaultListableBeanFactory 2016-12-09 11:28:09,302-- DEBUG -- Finished creating instance of bean &apos;org.springframework.aop.support.DefaultBeanFactoryPointcutAdvisor#0&apos;
org.springframework.beans.factory.annotation.InjectionMetadata 2016-12-09 11:28:09,318-- DEBUG -- Registered injected element on class [com.mssm.dbTable.controller.TestCacheController]: ResourceElement for private com.mssm.dbTable.service.impl.TestCacheService com.mssm.dbTable.controller.TestCacheController.testCacheService
org.springframework.beans.factory.support.DefaultListableBeanFactory 2016-12-09 11:28:09,318-- DEBUG -- Eagerly caching bean &apos;testCacheController&apos; to allow for resolving potential circular references
org.springframework.beans.factory.annotation.InjectionMetadata 2016-12-09 11:28:09,318-- DEBUG -- Processing injected method of bean &apos;testCacheController&apos;: ResourceElement for private com.mssm.dbTable.service.impl.TestCacheService com.mssm.dbTable.controller.TestCacheController.testCacheService
org.springframework.beans.factory.support.DefaultListableBeanFactory 2016-12-09 11:28:09,318-- DEBUG -- Creating shared instance of singleton bean &apos;testCacheService&apos;
org.springframework.beans.factory.support.DefaultListableBeanFactory 2016-12-09 11:28:09,318-- DEBUG -- Creating instance of bean &apos;testCacheService&apos;
org.springframework.beans.factory.support.DefaultListableBeanFactory 2016-12-09 11:28:09,318-- DEBUG -- Returning cached instance of singleton bean &apos;org.springframework.aop.support.DefaultBeanFactoryPointcutAdvisor#0&apos;
org.springframework.beans.factory.annotation.InjectionMetadata 2016-12-09 11:28:09,318-- DEBUG -- Registered injected element on class [com.mssm.dbTable.service.impl.TestCacheService]: ResourceElement for private com.mssm.dbTable.dao.UserMapper com.mssm.dbTable.service.impl.TestCacheService.userDao
org.springframework.beans.factory.support.DefaultListableBeanFactory 2016-12-09 11:28:09,318-- DEBUG -- Eagerly caching bean &apos;testCacheService&apos; to allow for resolving potential circular references
org.springframework.beans.factory.annotation.InjectionMetadata 2016-12-09 11:28:09,333-- DEBUG -- Processing injected method of bean &apos;testCacheService&apos;: ResourceElement for private com.mssm.dbTable.dao.UserMapper com.mssm.dbTable.service.impl.TestCacheService.userDao
org.springframework.beans.factory.support.DefaultListableBeanFactory 2016-12-09 11:28:09,333-- DEBUG -- Returning cached instance of singleton bean &apos;org.springframework.aop.support.DefaultBeanFactoryPointcutAdvisor#0&apos;
org.apache.ibatis.logging.LogFactory 2016-12-09 11:28:09,333-- DEBUG -- Logging initialized using &apos;class org.apache.ibatis.logging.slf4j.Slf4jImpl&apos; adapter.
org.springframework.beans.factory.support.DefaultListableBeanFactory 2016-12-09 11:28:09,333-- DEBUG -- Returning cached instance of singleton bean &apos;org.springframework.aop.support.DefaultBeanFactoryPointcutAdvisor#0&apos;
org.springframework.beans.factory.support.DefaultListableBeanFactory 2016-12-09 11:28:09,333-- DEBUG -- Creating shared instance of singleton bean &apos;userMapper&apos;
org.springframework.beans.factory.support.DefaultListableBeanFactory 2016-12-09 11:28:09,333-- DEBUG -- Creating instance of bean &apos;userMapper&apos;
org.springframework.beans.factory.support.DefaultListableBeanFactory 2016-12-09 11:28:09,333-- DEBUG -- Eagerly caching bean &apos;userMapper&apos; to allow for resolving potential circular references
org.springframework.beans.factory.support.DefaultListableBeanFactory 2016-12-09 11:28:09,333-- DEBUG -- Creating shared instance of singleton bean &apos;sqlSessionFactory&apos;
org.springframework.beans.factory.support.DefaultListableBeanFactory 2016-12-09 11:28:09,333-- DEBUG -- Creating instance of bean &apos;sqlSessionFactory&apos;
org.springframework.beans.factory.support.DefaultListableBeanFactory 2016-12-09 11:28:09,349-- DEBUG -- Eagerly caching bean &apos;sqlSessionFactory&apos; to allow for resolving potential circular references
org.springframework.beans.factory.support.DefaultListableBeanFactory 2016-12-09 11:28:09,349-- DEBUG -- Creating shared instance of singleton bean &apos;dataSource&apos;
org.springframework.beans.factory.support.DefaultListableBeanFactory 2016-12-09 11:28:09,349-- DEBUG -- Creating instance of bean &apos;dataSource&apos;
org.springframework.beans.factory.support.DefaultListableBeanFactory 2016-12-09 11:28:09,349-- DEBUG -- Returning cached instance of singleton bean &apos;org.springframework.aop.support.DefaultBeanFactoryPointcutAdvisor#0&apos;
org.springframework.beans.factory.support.DefaultListableBeanFactory 2016-12-09 11:28:09,380-- DEBUG -- Eagerly caching bean &apos;dataSource&apos; to allow for resolving potential circular references
org.springframework.beans.factory.support.DefaultListableBeanFactory 2016-12-09 11:28:09,427-- DEBUG -- Invoking init method  &apos;init&apos; on bean with name &apos;dataSource&apos;
com.alibaba.druid.pool.DruidDataSource 2016-12-09 11:28:09,741-- INFO -- {dataSource-1} inited
org.springframework.beans.factory.support.DefaultListableBeanFactory 2016-12-09 11:28:09,741-- DEBUG -- Returning cached instance of singleton bean &apos;org.springframework.aop.support.DefaultBeanFactoryPointcutAdvisor#0&apos;
org.springframework.beans.factory.support.DefaultListableBeanFactory 2016-12-09 11:28:09,741-- DEBUG -- Returning cached instance of singleton bean &apos;org.springframework.aop.support.DefaultBeanFactoryPointcutAdvisor#0&apos;
org.springframework.beans.factory.support.DefaultListableBeanFactory 2016-12-09 11:28:09,914-- DEBUG -- Finished creating instance of bean &apos;dataSource&apos;
org.springframework.beans.factory.support.DefaultListableBeanFactory 2016-12-09 11:28:09,914-- DEBUG -- Ignoring bean creation exception on FactoryBean type check: org.springframework.beans.factory.BeanCreationException: Error creating bean with name &apos;userMapper&apos; defined in file [E:\my\ecWorkSpace2\mssm\target\classes\com\mssm\dbTable\dao\UserMapper.class]: Cannot resolve reference to bean &apos;sqlSessionFactory&apos; while setting bean property &apos;sqlSessionFactory&apos;; nested exception is org.springframework.beans.factory.BeanCreationException: Error creating bean with name &apos;sqlSessionFactory&apos; defined in class path resource [spring-mybatis.xml]: Initialization of bean failed; nested exception is org.springframework.beans.TypeMismatchException: Failed to convert property value of type &apos;java.lang.String&apos; to required type &apos;org.springframework.core.io.Resource[]&apos; for property &apos;mapperLocations&apos;; nested exception is java.lang.IllegalArgumentException: Could not resolve resource location pattern [classpath:com/mssm/dbTable/mapping/*.xml]: class path resource [com/mssm/dbTable/mapping/] cannot be resolved to URL because it does not exist
org.springframework.beans.factory.support.DefaultListableBeanFactory 2016-12-09 11:28:09,914-- DEBUG -- Destroying singletons in org.springframework.beans.factory.support.DefaultListableBeanFactory@40c31593: defining beans [testCacheController,userController,testCacheService,testCacheService2,userService,org.springframework.context.annotation.internalConfigurationAnnotationProcessor,org.springframework.context.annotation.internalAutowiredAnnotationProcessor,org.springframework.context.annotation.internalRequiredAnnotationProcessor,org.springframework.context.annotation.internalCommonAnnotationProcessor,propertyConfigurer,dataSource,sqlSessionFactory,org.mybatis.spring.mapper.MapperScannerConfigurer#0,transactionManager,txAdvice,org.springframework.aop.config.internalAutoProxyCreator,targetMethod,org.springframework.aop.support.DefaultBeanFactoryPointcutAdvisor#0,org.springframework.context.annotation.ConfigurationClassPostProcessor.importAwareProcessor,org.springframework.context.annotation.ConfigurationClassPostProcessor.enhancedConfigurationProcessor,userMapper]; root of factory hierarchy
org.springframework.beans.factory.support.DisposableBeanAdapter 2016-12-09 11:28:09,914-- DEBUG -- Invoking destroy method &apos;close&apos; on bean with name &apos;dataSource&apos;
com.alibaba.druid.pool.DruidDataSource 2016-12-09 11:28:09,914-- INFO -- {dataSource-1} closed
org.springframework.test.context.TestContextManager 2016-12-09 11:28:09,914-- ERROR -- Caught exception while allowing TestExecutionListener [org.springframework.test.context.support.DependencyInjectionTestExecutionListener@2ca55a48] to prepare test instance [com.test.TestMybatis@5fd7e9cb]
java.lang.IllegalStateException: Failed to load ApplicationContext
	at org.springframework.test.context.CacheAwareContextLoaderDelegate.loadContext(CacheAwareContextLoaderDelegate.java:99)
	at org.springframework.test.context.DefaultTestContext.getApplicationContext(DefaultTestContext.java:101)
	at org.springframework.test.context.support.DependencyInjectionTestExecutionListener.injectDependencies(DependencyInjectionTestExecutionListener.java:109)
	at org.springframework.test.context.support.DependencyInjectionTestExecutionListener.prepareTestInstance(DependencyInjectionTestExecutionListener.java:75)
	at org.springframework.test.context.TestContextManager.prepareTestInstance(TestContextManager.java:319)
	at org.springframework.test.context.junit4.SpringJUnit4ClassRunner.createTest(SpringJUnit4ClassRunner.java:212)
	at org.springframework.test.context.junit4.SpringJUnit4ClassRunner$1.runReflectiveCall(SpringJUnit4ClassRunner.java:289)
	at org.junit.internal.runners.model.ReflectiveCallable.run(ReflectiveCallable.java:15)
	at org.springframework.test.context.junit4.SpringJUnit4ClassRunner.methodBlock(SpringJUnit4ClassRunner.java:291)
	at org.springframework.test.context.junit4.SpringJUnit4ClassRunner.runChild(SpringJUnit4ClassRunner.java:232)
	at org.springframework.test.context.junit4.SpringJUnit4ClassRunner.runChild(SpringJUnit4ClassRunner.java:89)
	at org.junit.runners.ParentRunner$3.run(ParentRunner.java:193)
	at org.junit.runners.ParentRunner$1.schedule(ParentRunner.java:52)
	at org.junit.runners.ParentRunner.runChildren(ParentRunner.java:191)
	at org.junit.runners.ParentRunner.access$000(ParentRunner.java:42)
	at org.junit.runners.ParentRunner$2.evaluate(ParentRunner.java:184)
	at org.springframework.test.context.junit4.statements.RunBeforeTestClassCallbacks.evaluate(RunBeforeTestClassCallbacks.java:61)
	at org.springframework.test.context.junit4.statements.RunAfterTestClassCallbacks.evaluate(RunAfterTestClassCallbacks.java:71)
	at org.junit.runners.ParentRunner.run(ParentRunner.java:236)
	at org.springframework.test.context.junit4.SpringJUnit4ClassRunner.run(SpringJUnit4ClassRunner.java:175)
	at org.apache.maven.surefire.junit4.JUnit4Provider.execute(JUnit4Provider.java:252)
	at org.apache.maven.surefire.junit4.JUnit4Provider.executeTestSet(JUnit4Provider.java:141)
	at org.apache.maven.surefire.junit4.JUnit4Provider.invoke(JUnit4Provider.java:112)
	at sun.reflect.NativeMethodAccessorImpl.invoke0(Native Method)
	at sun.reflect.NativeMethodAccessorImpl.invoke(NativeMethodAccessorImpl.java:57)
	at sun.reflect.DelegatingMethodAccessorImpl.invoke(DelegatingMethodAccessorImpl.java:43)
	at java.lang.reflect.Method.invoke(Method.java:606)
	at org.apache.maven.surefire.util.ReflectionUtils.invokeMethodWithArray(ReflectionUtils.java:189)
	at org.apache.maven.surefire.booter.ProviderFactory$ProviderProxy.invoke(ProviderFactory.java:165)
	at org.apache.maven.surefire.booter.ProviderFactory.invokeProvider(ProviderFactory.java:85)
	at org.apache.maven.surefire.booter.ForkedBooter.runSuitesInProcess(ForkedBooter.java:115)
	at org.apache.maven.surefire.booter.ForkedBooter.main(ForkedBooter.java:75)
Caused by: org.springframework.beans.factory.BeanCreationException: Error creating bean with name &apos;testCacheController&apos;: Injection of resource dependencies failed; nested exception is org.springframework.beans.factory.BeanCreationException: Error creating bean with name &apos;testCacheService&apos;: Injection of resource dependencies failed; nested exception is org.springframework.beans.factory.NoSuchBeanDefinitionException: No qualifying bean of type [com.mssm.dbTable.dao.UserMapper] found for dependency: expected at least 1 bean which qualifies as autowire candidate for this dependency. Dependency annotations: {@javax.annotation.Resource(shareable=true, mappedName=, description=, name=, type=class java.lang.Object, lookup=, authenticationType=CONTAINER)}
Related cause: org.springframework.beans.factory.BeanCreationException: Error creating bean with name &apos;userMapper&apos; defined in file [E:\my\ecWorkSpace2\mssm\target\classes\com\mssm\dbTable\dao\UserMapper.class]: Cannot resolve reference to bean &apos;sqlSessionFactory&apos; while setting bean property &apos;sqlSessionFactory&apos;; nested exception is org.springframework.beans.factory.BeanCreationException: Error creating bean with name &apos;sqlSessionFactory&apos; defined in class path resource [spring-mybatis.xml]: Initialization of bean failed; nested exception is org.springframework.beans.TypeMismatchException: Failed to convert property value of type &apos;java.lang.String&apos; to required type &apos;org.springframework.core.io.Resource[]&apos; for property &apos;mapperLocations&apos;; nested exception is java.lang.IllegalArgumentException: Could not resolve resource location pattern [classpath:com/mssm/dbTable/mapping/*.xml]: class path resource [com/mssm/dbTable/mapping/] cannot be resolved to URL because it does not exist
	at org.springframework.context.annotation.CommonAnnotationBeanPostProcessor.postProcessPropertyValues(CommonAnnotationBeanPostProcessor.java:307)
	at org.springframework.beans.factory.support.AbstractAutowireCapableBeanFactory.populateBean(AbstractAutowireCapableBeanFactory.java:1185)
	at org.springframework.beans.factory.support.AbstractAutowireCapableBeanFactory.doCreateBean(AbstractAutowireCapableBeanFactory.java:537)
	at org.springframework.beans.factory.support.AbstractAutowireCapableBeanFactory.createBean(AbstractAutowireCapableBeanFactory.java:475)
	at org.springframework.beans.factory.support.AbstractBeanFactory$1.getObject(AbstractBeanFactory.java:304)
	at org.springframework.beans.factory.support.DefaultSingletonBeanRegistry.getSingleton(DefaultSingletonBeanRegistry.java:228)
	at org.springframework.beans.factory.support.AbstractBeanFactory.doGetBean(AbstractBeanFactory.java:300)
	at org.springframework.beans.factory.support.AbstractBeanFactory.getBean(AbstractBeanFactory.java:195)
	at org.springframework.beans.factory.support.DefaultListableBeanFactory.preInstantiateSingletons(DefaultListableBeanFactory.java:700)
	at org.springframework.context.support.AbstractApplicationContext.finishBeanFactoryInitialization(AbstractApplicationContext.java:760)
	at org.springframework.context.support.AbstractApplicationContext.refresh(AbstractApplicationContext.java:482)
	at org.springframework.test.context.support.AbstractGenericContextLoader.loadContext(AbstractGenericContextLoader.java:121)
	at org.springframework.test.context.support.AbstractGenericContextLoader.loadContext(AbstractGenericContextLoader.java:60)
	at org.springframework.test.context.support.AbstractDelegatingSmartContextLoader.delegateLoading(AbstractDelegatingSmartContextLoader.java:100)
	at org.springframework.test.context.support.AbstractDelegatingSmartContextLoader.loadContext(AbstractDelegatingSmartContextLoader.java:250)
	at org.springframework.test.context.CacheAwareContextLoaderDelegate.loadContextInternal(CacheAwareContextLoaderDelegate.java:64)
	at org.springframework.test.context.CacheAwareContextLoaderDelegate.loadContext(CacheAwareContextLoaderDelegate.java:91)
	... 31 more
Caused by: org.springframework.beans.factory.BeanCreationException: Error creating bean with name &apos;testCacheService&apos;: Injection of resource dependencies failed; nested exception is org.springframework.beans.factory.NoSuchBeanDefinitionException: No qualifying bean of type [com.mssm.dbTable.dao.UserMapper] found for dependency: expected at least 1 bean which qualifies as autowire candidate for this dependency. Dependency annotations: {@javax.annotation.Resource(shareable=true, mappedName=, description=, name=, type=class java.lang.Object, lookup=, authenticationType=CONTAINER)}
	at org.springframework.context.annotation.CommonAnnotationBeanPostProcessor.postProcessPropertyValues(CommonAnnotationBeanPostProcessor.java:307)
	at org.springframework.beans.factory.support.AbstractAutowireCapableBeanFactory.populateBean(AbstractAutowireCapableBeanFactory.java:1185)
	at org.springframework.beans.factory.support.AbstractAutowireCapableBeanFactory.doCreateBean(AbstractAutowireCapableBeanFactory.java:537)
	at org.springframework.beans.factory.support.AbstractAutowireCapableBeanFactory.createBean(AbstractAutowireCapableBeanFactory.java:475)
	at org.springframework.beans.factory.support.AbstractBeanFactory$1.getObject(AbstractBeanFactory.java:304)
	at org.springframework.beans.factory.support.DefaultSingletonBeanRegistry.getSingleton(DefaultSingletonBeanRegistry.java:228)
	at org.springframework.beans.factory.support.AbstractBeanFactory.doGetBean(AbstractBeanFactory.java:300)
	at org.springframework.beans.factory.support.AbstractBeanFactory.getBean(AbstractBeanFactory.java:200)
	at org.springframework.context.annotation.CommonAnnotationBeanPostProcessor.autowireResource(CommonAnnotationBeanPostProcessor.java:445)
	at org.springframework.context.annotation.CommonAnnotationBeanPostProcessor.getResource(CommonAnnotationBeanPostProcessor.java:419)
	at org.springframework.context.annotation.CommonAnnotationBeanPostProcessor$ResourceElement.getResourceToInject(CommonAnnotationBeanPostProcessor.java:544)
	at org.springframework.beans.factory.annotation.InjectionMetadata$InjectedElement.inject(InjectionMetadata.java:155)
	at org.springframework.beans.factory.annotation.InjectionMetadata.inject(InjectionMetadata.java:87)
	at org.springframework.context.annotation.CommonAnnotationBeanPostProcessor.postProcessPropertyValues(CommonAnnotationBeanPostProcessor.java:304)
	... 47 more
Caused by: org.springframework.beans.factory.NoSuchBeanDefinitionException: No qualifying bean of type [com.mssm.dbTable.dao.UserMapper] found for dependency: expected at least 1 bean which qualifies as autowire candidate for this dependency. Dependency annotations: {@javax.annotation.Resource(shareable=true, mappedName=, description=, name=, type=class java.lang.Object, lookup=, authenticationType=CONTAINER)}
	at org.springframework.beans.factory.support.DefaultListableBeanFactory.raiseNoSuchBeanDefinitionException(DefaultListableBeanFactory.java:1100)
	at org.springframework.beans.factory.support.DefaultListableBeanFactory.doResolveDependency(DefaultListableBeanFactory.java:960)
	at org.springframework.beans.factory.support.DefaultListableBeanFactory.resolveDependency(DefaultListableBeanFactory.java:855)
	at org.springframework.context.annotation.CommonAnnotationBeanPostProcessor.autowireResource(CommonAnnotationBeanPostProcessor.java:441)
	at org.springframework.context.annotation.CommonAnnotationBeanPostProcessor.getResource(CommonAnnotationBeanPostProcessor.java:419)
	at org.springframework.context.annotation.CommonAnnotationBeanPostProcessor$ResourceElement.getResourceToInject(CommonAnnotationBeanPostProcessor.java:544)
	at org.springframework.beans.factory.annotation.InjectionMetadata$InjectedElement.inject(InjectionMetadata.java:155)
	at org.springframework.beans.factory.annotation.InjectionMetadata.inject(InjectionMetadata.java:87)
	at org.springframework.context.annotation.CommonAnnotationBeanPostProcessor.postProcessPropertyValues(CommonAnnotationBeanPostProcessor.java:304)
	... 60 more
</system-out>
  </testcase>
</testsuite>